1623515275645	Marionette	INFO	Marionette enabled
1623515276024	Marionette	INFO	Marionette enabled
console.warn: SearchSettings: "get: No settings file exists, new profile?" (new Error("", "(unknown module)"))
console.warn: SearchSettings: "get: No settings file exists, new profile?" (new Error("", "(unknown module)"))
1623515279945	Marionette	INFO	Listening on port 33907
1623515280006	Marionette	WARN	TLS certificate errors will be ignored for this session
1623515280287	Marionette	INFO	Listening on port 35327
1623515280397	Marionette	WARN	TLS certificate errors will be ignored for this session
JavaScript warning: https://www.malacards.org/_Incapsula_Resource?SWJIYLWA=719d34d31c8e3a6e6fffd425f7e032f3&ns=2&cb=2137136286, line 1: unreachable code after return statement
JavaScript warning: https://www.malacards.org/_Incapsula_Resource?SWJIYLWA=719d34d31c8e3a6e6fffd425f7e032f3&ns=2&cb=2137136286 line 1 > eval, line 1: unreachable code after return statement
JavaScript warning: https://www.malacards.org/_Incapsula_Resource?SWJIYLWA=719d34d31c8e3a6e6fffd425f7e032f3&ns=1&cb=352035907, line 1: unreachable code after return statement
1623515291138	Marionette	WARN	TimedPromise timed out after 5000 ms: stacktrace:
TimedPromise/<@chrome://marionette/content/sync.js:237:19
TimedPromise@chrome://marionette/content/sync.js:222:10
GeckoDriver.prototype.maximizeWindow@chrome://marionette/content/driver.js:2552:11
1623515291457	Marionette	WARN	TimedPromise timed out after 5000 ms: stacktrace:
TimedPromise/<@chrome://marionette/content/sync.js:237:19
TimedPromise@chrome://marionette/content/sync.js:222:10
GeckoDriver.prototype.maximizeWindow@chrome://marionette/content/driver.js:2552:11
1623515328871	Marionette	INFO	Stopped listening on port 35327
1623515330103	Marionette	INFO	Stopped listening on port 33907
1623515349299	Marionette	INFO	Marionette enabled
console.warn: SearchSettings: "get: No settings file exists, new profile?" (new Error("", "(unknown module)"))
1623515352424	Marionette	INFO	Listening on port 36055
1623515352522	Marionette	WARN	TLS certificate errors will be ignored for this session
JavaScript warning: https://www.malacards.org/_Incapsula_Resource?SWJIYLWA=719d34d31c8e3a6e6fffd425f7e032f3&ns=1&cb=691881988, line 1: unreachable code after return statement
JavaScript warning: https://www.malacards.org/_Incapsula_Resource?SWJIYLWA=719d34d31c8e3a6e6fffd425f7e032f3&ns=1&cb=691881988, line 1: unreachable code after return statement
JavaScript warning: https://www.malacards.org/_Incapsula_Resource?SWJIYLWA=719d34d31c8e3a6e6fffd425f7e032f3&ns=1&cb=691881988 line 1 > eval, line 1: unreachable code after return statement
1623515360052	Marionette	WARN	TimedPromise timed out after 5000 ms: stacktrace:
TimedPromise/<@chrome://marionette/content/sync.js:237:19
TimedPromise@chrome://marionette/content/sync.js:222:10
GeckoDriver.prototype.maximizeWindow@chrome://marionette/content/driver.js:2552:11
1623515382318	Marionette	INFO	Stopped listening on port 36055

###!!! [Parent][RunMessage] Error: Channel closing: too late to send/recv, messages will be lost

1623515438924	Marionette	INFO	Marionette enabled
console.warn: SearchSettings: "get: No settings file exists, new profile?" (new Error("", "(unknown module)"))
1623515441725	Marionette	INFO	Listening on port 36607
1623515441803	Marionette	WARN	TLS certificate errors will be ignored for this session
JavaScript warning: https://www.malacards.org/_Incapsula_Resource?SWJIYLWA=719d34d31c8e3a6e6fffd425f7e032f3&ns=1&cb=1434967441, line 1: unreachable code after return statement
JavaScript warning: https://www.malacards.org/_Incapsula_Resource?SWJIYLWA=719d34d31c8e3a6e6fffd425f7e032f3&ns=1&cb=1434967441, line 1: unreachable code after return statement
JavaScript warning: https://www.malacards.org/_Incapsula_Resource?SWJIYLWA=719d34d31c8e3a6e6fffd425f7e032f3&ns=1&cb=1434967441 line 1 > eval, line 1: unreachable code after return statement
1623515448841	Marionette	WARN	TimedPromise timed out after 5000 ms: stacktrace:
TimedPromise/<@chrome://marionette/content/sync.js:237:19
TimedPromise@chrome://marionette/content/sync.js:222:10
GeckoDriver.prototype.maximizeWindow@chrome://marionette/content/driver.js:2552:11
1623515483645	Marionette	INFO	Stopped listening on port 36607
1623515628125	Marionette	INFO	Marionette enabled
console.warn: SearchSettings: "get: No settings file exists, new profile?" (new Error("", "(unknown module)"))
1623515630861	Marionette	INFO	Listening on port 34581
1623515630973	Marionette	WARN	TLS certificate errors will be ignored for this session
JavaScript warning: https://www.malacards.org/_Incapsula_Resource?SWJIYLWA=719d34d31c8e3a6e6fffd425f7e032f3&ns=1&cb=1850564950, line 1: unreachable code after return statement
JavaScript warning: https://www.malacards.org/_Incapsula_Resource?SWJIYLWA=719d34d31c8e3a6e6fffd425f7e032f3&ns=1&cb=1850564950, line 1: unreachable code after return statement
JavaScript warning: https://www.malacards.org/_Incapsula_Resource?SWJIYLWA=719d34d31c8e3a6e6fffd425f7e032f3&ns=1&cb=1850564950 line 1 > eval, line 1: unreachable code after return statement
1623515638441	Marionette	WARN	TimedPromise timed out after 5000 ms: stacktrace:
TimedPromise/<@chrome://marionette/content/sync.js:237:19
TimedPromise@chrome://marionette/content/sync.js:222:10
GeckoDriver.prototype.maximizeWindow@chrome://marionette/content/driver.js:2552:11
1623515656415	Marionette	INFO	Stopped listening on port 34581
1623515764156	Marionette	INFO	Marionette enabled
console.warn: SearchSettings: "get: No settings file exists, new profile?" (new Error("", "(unknown module)"))
1623515767122	Marionette	INFO	Listening on port 42791
1623515767216	Marionette	WARN	TLS certificate errors will be ignored for this session
1623515820965	Marionette	INFO	Stopped listening on port 42791
JavaScript error: resource://gre/modules/CrashManager.jsm, line 833: NotAllowedError: Shutting down and refusing additional I/O tasks
1623515824870	Marionette	INFO	Marionette enabled
console.warn: SearchSettings: "get: No settings file exists, new profile?" (new Error("", "(unknown module)"))
1623515827834	Marionette	INFO	Listening on port 39855
1623515827908	Marionette	WARN	TLS certificate errors will be ignored for this session
JavaScript warning: https://www.malacards.org/_Incapsula_Resource?SWJIYLWA=719d34d31c8e3a6e6fffd425f7e032f3&ns=1&cb=450212549, line 1: unreachable code after return statement
JavaScript warning: https://www.malacards.org/_Incapsula_Resource?SWJIYLWA=719d34d31c8e3a6e6fffd425f7e032f3&ns=1&cb=450212549, line 1: unreachable code after return statement
JavaScript warning: https://www.malacards.org/_Incapsula_Resource?SWJIYLWA=719d34d31c8e3a6e6fffd425f7e032f3&ns=1&cb=450212549 line 1 > eval, line 1: unreachable code after return statement
1623515835082	Marionette	WARN	TimedPromise timed out after 5000 ms: stacktrace:
TimedPromise/<@chrome://marionette/content/sync.js:237:19
TimedPromise@chrome://marionette/content/sync.js:222:10
GeckoDriver.prototype.maximizeWindow@chrome://marionette/content/driver.js:2552:11
1623515882674	Marionette	INFO	Stopped listening on port 39855
1623515886297	Marionette	INFO	Marionette enabled
console.warn: SearchSettings: "get: No settings file exists, new profile?" (new Error("", "(unknown module)"))
1623515889186	Marionette	INFO	Listening on port 34659
1623515889212	Marionette	WARN	TLS certificate errors will be ignored for this session
JavaScript warning: https://www.malacards.org/_Incapsula_Resource?SWJIYLWA=719d34d31c8e3a6e6fffd425f7e032f3&ns=1&cb=534793332, line 1: unreachable code after return statement
JavaScript warning: https://www.malacards.org/_Incapsula_Resource?SWJIYLWA=719d34d31c8e3a6e6fffd425f7e032f3&ns=1&cb=534793332, line 1: unreachable code after return statement
JavaScript warning: https://www.malacards.org/_Incapsula_Resource?SWJIYLWA=719d34d31c8e3a6e6fffd425f7e032f3&ns=1&cb=534793332 line 1 > eval, line 1: unreachable code after return statement
1623515896516	Marionette	WARN	TimedPromise timed out after 5000 ms: stacktrace:
TimedPromise/<@chrome://marionette/content/sync.js:237:19
TimedPromise@chrome://marionette/content/sync.js:222:10
GeckoDriver.prototype.maximizeWindow@chrome://marionette/content/driver.js:2552:11
1623515915179	Marionette	INFO	Stopped listening on port 34659
1623515966639	Marionette	INFO	Marionette enabled
console.warn: SearchSettings: "get: No settings file exists, new profile?" (new Error("", "(unknown module)"))
1623515969486	Marionette	INFO	Listening on port 40359
1623515969591	Marionette	WARN	TLS certificate errors will be ignored for this session
JavaScript warning: https://www.malacards.org/_Incapsula_Resource?SWJIYLWA=719d34d31c8e3a6e6fffd425f7e032f3&ns=1&cb=259917959, line 1: unreachable code after return statement
JavaScript warning: https://www.malacards.org/_Incapsula_Resource?SWJIYLWA=719d34d31c8e3a6e6fffd425f7e032f3&ns=1&cb=259917959, line 1: unreachable code after return statement
JavaScript warning: https://www.malacards.org/_Incapsula_Resource?SWJIYLWA=719d34d31c8e3a6e6fffd425f7e032f3&ns=1&cb=259917959 line 1 > eval, line 1: unreachable code after return statement
1623515976527	Marionette	WARN	TimedPromise timed out after 5000 ms: stacktrace:
TimedPromise/<@chrome://marionette/content/sync.js:237:19
TimedPromise@chrome://marionette/content/sync.js:222:10
GeckoDriver.prototype.maximizeWindow@chrome://marionette/content/driver.js:2552:11
1623515979631	Marionette	INFO	Stopped listening on port 40359
1623516167973	Marionette	INFO	Marionette enabled
console.warn: SearchSettings: "get: No settings file exists, new profile?" (new Error("", "(unknown module)"))
1623516170986	Marionette	INFO	Listening on port 36923
1623516171037	Marionette	WARN	TLS certificate errors will be ignored for this session
JavaScript warning: https://www.malacards.org/_Incapsula_Resource?SWJIYLWA=719d34d31c8e3a6e6fffd425f7e032f3&ns=1&cb=559679095, line 1: unreachable code after return statement
JavaScript warning: https://www.malacards.org/_Incapsula_Resource?SWJIYLWA=719d34d31c8e3a6e6fffd425f7e032f3&ns=1&cb=559679095, line 1: unreachable code after return statement
JavaScript warning: https://www.malacards.org/_Incapsula_Resource?SWJIYLWA=719d34d31c8e3a6e6fffd425f7e032f3&ns=1&cb=559679095 line 1 > eval, line 1: unreachable code after return statement
1623516178214	Marionette	WARN	TimedPromise timed out after 5000 ms: stacktrace:
TimedPromise/<@chrome://marionette/content/sync.js:237:19
TimedPromise@chrome://marionette/content/sync.js:222:10
GeckoDriver.prototype.maximizeWindow@chrome://marionette/content/driver.js:2552:11
1623516180863	Marionette	INFO	Stopped listening on port 36923
1623516209375	Marionette	INFO	Marionette enabled
console.warn: SearchSettings: "get: No settings file exists, new profile?" (new Error("", "(unknown module)"))
1623516212388	Marionette	INFO	Listening on port 34381
1623516212440	Marionette	WARN	TLS certificate errors will be ignored for this session
JavaScript warning: https://www.malacards.org/_Incapsula_Resource?SWJIYLWA=719d34d31c8e3a6e6fffd425f7e032f3&ns=1&cb=286217633, line 1: unreachable code after return statement
JavaScript warning: https://www.malacards.org/_Incapsula_Resource?SWJIYLWA=719d34d31c8e3a6e6fffd425f7e032f3&ns=1&cb=286217633, line 1: unreachable code after return statement
JavaScript warning: https://www.malacards.org/_Incapsula_Resource?SWJIYLWA=719d34d31c8e3a6e6fffd425f7e032f3&ns=1&cb=286217633 line 1 > eval, line 1: unreachable code after return statement
1623516219448	Marionette	WARN	TimedPromise timed out after 5000 ms: stacktrace:
TimedPromise/<@chrome://marionette/content/sync.js:237:19
TimedPromise@chrome://marionette/content/sync.js:222:10
GeckoDriver.prototype.maximizeWindow@chrome://marionette/content/driver.js:2552:11
1623516227661	Marionette	INFO	Stopped listening on port 34381
1623516441875	Marionette	INFO	Marionette enabled
console.warn: SearchSettings: "get: No settings file exists, new profile?" (new Error("", "(unknown module)"))
1623516444852	Marionette	INFO	Listening on port 46709
1623516444898	Marionette	WARN	TLS certificate errors will be ignored for this session
JavaScript warning: https://www.malacards.org/_Incapsula_Resource?SWJIYLWA=719d34d31c8e3a6e6fffd425f7e032f3&ns=1&cb=1018686653, line 1: unreachable code after return statement
JavaScript warning: https://www.malacards.org/_Incapsula_Resource?SWJIYLWA=719d34d31c8e3a6e6fffd425f7e032f3&ns=1&cb=1018686653, line 1: unreachable code after return statement
JavaScript warning: https://www.malacards.org/_Incapsula_Resource?SWJIYLWA=719d34d31c8e3a6e6fffd425f7e032f3&ns=1&cb=1018686653 line 1 > eval, line 1: unreachable code after return statement
1623516453767	Marionette	WARN	TimedPromise timed out after 5000 ms: stacktrace:
TimedPromise/<@chrome://marionette/content/sync.js:237:19
TimedPromise@chrome://marionette/content/sync.js:222:10
GeckoDriver.prototype.maximizeWindow@chrome://marionette/content/driver.js:2552:11
1623516858489	Marionette	INFO	Marionette enabled
console.warn: SearchSettings: "get: No settings file exists, new profile?" (new Error("", "(unknown module)"))
1623516862081	Marionette	INFO	Listening on port 45557
1623516862113	Marionette	WARN	TLS certificate errors will be ignored for this session
IPDL protocol error: Handler returned error code!

###!!! [Parent][DispatchAsyncMessage] Error: PLayerTransaction::Msg_ReleaseLayer Processing error: message was deserialized, but the handler returned false (indicating failure)

IPDL protocol error: Handler returned error code!

###!!! [Parent][DispatchAsyncMessage] Error: PLayerTransaction::Msg_ReleaseLayer Processing error: message was deserialized, but the handler returned false (indicating failure)

IPDL protocol error: Handler returned error code!

###!!! [Parent][DispatchAsyncMessage] Error: PLayerTransaction::Msg_ReleaseLayer Processing error: message was deserialized, but the handler returned false (indicating failure)

IPDL protocol error: Handler returned error code!

###!!! [Parent][DispatchAsyncMessage] Error: PLayerTransaction::Msg_ReleaseLayer Processing error: message was deserialized, but the handler returned false (indicating failure)

IPDL protocol error: Handler returned error code!

###!!! [Parent][DispatchAsyncMessage] Error: PLayerTransaction::Msg_ReleaseLayer Processing error: message was deserialized, but the handler returned false (indicating failure)

IPDL protocol error: Handler returned error code!

###!!! [Parent][DispatchAsyncMessage] Error: PLayerTransaction::Msg_ReleaseLayer Processing error: message was deserialized, but the handler returned false (indicating failure)

IPDL protocol error: Handler returned error code!

###!!! [Parent][DispatchAsyncMessage] Error: PLayerTransaction::Msg_ReleaseLayer Processing error: message was deserialized, but the handler returned false (indicating failure)

IPDL protocol error: Handler returned error code!

###!!! [Parent][DispatchAsyncMessage] Error: PLayerTransaction::Msg_ReleaseLayer Processing error: message was deserialized, but the handler returned false (indicating failure)

IPDL protocol error: Handler returned error code!

###!!! [Parent][DispatchAsyncMessage] Error: PLayerTransaction::Msg_ReleaseLayer Processing error: message was deserialized, but the handler returned false (indicating failure)

IPDL protocol error: Handler returned error code!

###!!! [Parent][DispatchAsyncMessage] Error: PLayerTransaction::Msg_ReleaseLayer Processing error: message was deserialized, but the handler returned false (indicating failure)

JavaScript warning: https://www.malacards.org/_Incapsula_Resource?SWJIYLWA=719d34d31c8e3a6e6fffd425f7e032f3&ns=2&cb=315271690, line 1: unreachable code after return statement
1623516863146	Marionette	INFO	Stopped listening on port 46709
1623516869878	Marionette	WARN	TimedPromise timed out after 5000 ms: stacktrace:
TimedPromise/<@chrome://marionette/content/sync.js:237:19
TimedPromise@chrome://marionette/content/sync.js:222:10
GeckoDriver.prototype.maximizeWindow@chrome://marionette/content/driver.js:2552:11
1623516976463	Marionette	INFO	Marionette enabled
console.warn: SearchSettings: "get: No settings file exists, new profile?" (new Error("", "(unknown module)"))
1623516979257	Marionette	INFO	Listening on port 45581
1623516979320	Marionette	WARN	TLS certificate errors will be ignored for this session
JavaScript warning: https://www.malacards.org/_Incapsula_Resource?SWJIYLWA=719d34d31c8e3a6e6fffd425f7e032f3&ns=14&cb=1083716493, line 1: unreachable code after return statement
JavaScript warning: https://www.malacards.org/_Incapsula_Resource?SWJIYLWA=719d34d31c8e3a6e6fffd425f7e032f3&ns=14&cb=1083716493, line 1: unreachable code after return statement
JavaScript warning: https://www.malacards.org/_Incapsula_Resource?SWJIYLWA=719d34d31c8e3a6e6fffd425f7e032f3&ns=14&cb=1083716493 line 1 > eval, line 1: unreachable code after return statement
1623517007149	Marionette	WARN	TimedPromise timed out after 5000 ms: stacktrace:
TimedPromise/<@chrome://marionette/content/sync.js:237:19
TimedPromise@chrome://marionette/content/sync.js:222:10
GeckoDriver.prototype.maximizeWindow@chrome://marionette/content/driver.js:2552:11
1623517007678	Marionette	WARN	TimedPromise timed out after 500 ms: stacktrace:
TimedPromise/<@chrome://marionette/content/sync.js:237:19
TimedPromise@chrome://marionette/content/sync.js:222:10
interaction.flushEventLoop@chrome://marionette/content/interaction.js:431:10
webdriverClickElement@chrome://marionette/content/interaction.js:179:31
@https://www.malacards.org/scripts/main?v=8HHDlaSjeEeFYEFB-952tIMUr-JN4ruwvNkk-xPpdHA1:1:233676
l@https://www.malacards.org/scripts/main?v=8HHDlaSjeEeFYEFB-952tIMUr-JN4ruwvNkk-xPpdHA1:1:40872
fireWith@https://www.malacards.org/scripts/main?v=8HHDlaSjeEeFYEFB-952tIMUr-JN4ruwvNkk-xPpdHA1:1:41684
ready@https://www.malacards.org/scripts/main?v=8HHDlaSjeEeFYEFB-952tIMUr-JN4ruwvNkk-xPpdHA1:1:43513
a@https://www.malacards.org/scripts/main?v=8HHDlaSjeEeFYEFB-952tIMUr-JN4ruwvNkk-xPpdHA1:1:4299
[GFX1-]: Receive IPC close with reason=AbnormalShutdown
Exiting due to channel error.
[GFX1-]: Receive IPC close with reason=AbnormalShutdown
Exiting due to channel error.
Exiting due to channel error.
Exiting due to channel error.
Exiting due to channel error.
Exiting due to channel error.
